13/06/24-03:01:08                   Nivel[m]      Cloro[mlg/l]     Turbiedad[UTN]
Toma(Rio)           2.17
Toma(Des.)          2.39                             7.50
P.Pot               1.70          0.99             0.20
L.Maria             3.15          0.89
KM11                3.41          0.68
R6000               2.98          0.57
B.PUJOL             2.03
B.OESTE(1K)         3.31 
B.SAN MIGUEL        2.30
NUEVA CHUBUT        2.25

P.POT. VOL/DIA     18860 m3/día

13/06/24-04:01:02                   Nivel[m]      Cloro[mlg/l]     Turbiedad[UTN]
Toma(Rio)           2.17
Toma(Des.)          2.39                             7.50
P.Pot               1.69          1.08             0.14
L.Maria             3.99          0.90
KM11                3.17          0.68
R6000               3.02          0.56
B.PUJOL             2.05
B.OESTE(1K)         2.46 
B.SAN MIGUEL        2.71
NUEVA CHUBUT        2.13

P.POT. VOL/DIA     20350 m3/día

13/06/24-05:01:06                   Nivel[m]      Cloro[mlg/l]     Turbiedad[UTN]
Toma(Rio)           2.17
Toma(Des.)          2.39                             7.50
P.Pot               1.78          1.11             0.13
L.Maria             3.73          0.90
KM11                3.22          0.66
R6000               3.07          0.57
B.PUJOL             2.04
B.OESTE(1K)         1.66 
B.SAN MIGUEL        2.58
NUEVA CHUBUT        2.08

P.POT. VOL/DIA     21820 m3/día

13/06/24-06:01:04                   Nivel[m]      Cloro[mlg/l]     Turbiedad[UTN]
Toma(Rio)           2.12
Toma(Des.)          2.29                             7.50
P.Pot               1.84          1.06             0.13
L.Maria             3.52          0.93
KM11                3.20          0.67
R6000               3.11          0.57
B.PUJOL             2.04
B.OESTE(1K)         2.50 
B.SAN MIGUEL        2.03
NUEVA CHUBUT        2.00

P.POT. VOL/DIA     23310 m3/día

13/06/24-07:01:01                   Nivel[m]      Cloro[mlg/l]     Turbiedad[UTN]
Toma(Rio)           2.12
Toma(Des.)          2.29                             7.50
P.Pot               1.92          1.12             0.12
L.Maria             3.44          0.88
KM11                3.17          0.68
R6000               3.18          0.58
B.PUJOL             2.03
B.OESTE(1K)         3.05 
B.SAN MIGUEL        2.89
NUEVA CHUBUT        1.92

P.POT. VOL/DIA     24800 m3/día

13/06/24-08:01:02                   Nivel[m]      Cloro[mlg/l]     Turbiedad[UTN]
Toma(Rio)           2.12
Toma(Des.)          2.29                             7.50
P.Pot               2.00          1.10             0.12
L.Maria             3.23          0.94
KM11                3.25          0.68
R6000               3.30          0.58
B.PUJOL             2.03
B.OESTE(1K)         2.27 
B.SAN MIGUEL        2.35
NUEVA CHUBUT        1.81

P.POT. VOL/DIA     26290 m3/día

13/06/24-09:01:01                   Nivel[m]      Cloro[mlg/l]     Turbiedad[UTN]
Toma(Rio)           2.12
Toma(Des.)          2.29                             7.50
P.Pot               2.03          1.09             0.11
L.Maria             3.28          0.88
KM11                3.19          0.68
R6000               3.31          0.58
B.PUJOL             2.04
B.OESTE(1K)         1.46 
B.SAN MIGUEL        2.48
NUEVA CHUBUT        1.92

P.POT. VOL/DIA     27780 m3/día

13/06/24-10:01:01                   Nivel[m]      Cloro[mlg/l]     Turbiedad[UTN]
Toma(Rio)           2.12
Toma(Des.)          2.29                             7.50
P.Pot               1.91          1.14             0.11
L.Maria             3.91          0.87
KM11                2.84          0.66
R6000               3.36          0.58
B.PUJOL             2.05
B.OESTE(1K)         2.70 
B.SAN MIGUEL        2.69
NUEVA CHUBUT        2.11

P.POT. VOL/DIA     29280 m3/día

13/06/24-11:01:01                   Nivel[m]      Cloro[mlg/l]     Turbiedad[UTN]
Toma(Rio)           2.12
Toma(Des.)          2.29                             7.50
P.Pot               1.88          1.07             0.11
L.Maria             3.68          0.90
KM11                2.97          0.67
R6000               3.26          0.58
B.PUJOL             2.02
B.OESTE(1K)         2.91 
B.SAN MIGUEL        2.13
NUEVA CHUBUT        2.30

P.POT. VOL/DIA     30770 m3/día

13/06/24-11:59:01                   Nivel[m]      Cloro[mlg/l]     Turbiedad[UTN]
Toma(Rio)           2.06
Toma(Des.)          2.38                             7.50
P.Pot               1.79          1.03             0.11
L.Maria             3.47          0.92
KM11                3.17          0.67
R6000               3.13          0.58
B.PUJOL             2.04
B.OESTE(1K)         2.15 
B.SAN MIGUEL        3.00
NUEVA CHUBUT        2.50

P.POT. VOL/DIA     32250 m3/día

14/06/24-01:01:00                   Nivel[m]      Cloro[mlg/l]     Turbiedad[UTN]
Toma(Rio)           2.06
Toma(Des.)          2.38                             7.50
P.Pot               1.75          1.08             0.11
L.Maria             3.32          0.93
KM11                3.34          0.69
R6000               3.10          0.57
B.PUJOL             2.04
B.OESTE(1K)         1.49 
B.SAN MIGUEL        2.50
NUEVA CHUBUT        2.71

P.POT. VOL/DIA       180 m3/día

14/06/24-02:01:00                   Nivel[m]      Cloro[mlg/l]     Turbiedad[UTN]
Toma(Rio)           2.06
Toma(Des.)          2.38                             7.50
P.Pot               1.71          1.02             0.11
L.Maria             3.06          0.95
KM11                3.45          0.69
R6000               3.11          0.58
B.PUJOL             2.04
B.OESTE(1K)         3.11 
B.SAN MIGUEL        2.10
NUEVA CHUBUT        2.98

P.POT. VOL/DIA      1670 m3/día

14/06/24-03:01:00                   Nivel[m]      Cloro[mlg/l]     Turbiedad[UTN]
Toma(Rio)           2.06
Toma(Des.)          2.38                             7.50
P.Pot               1.62          1.03             0.11
L.Maria             2.95          0.97
KM11                3.61          0.70
R6000               3.10          0.58
B.PUJOL             2.03
B.OESTE(1K)         2.96 
B.SAN MIGUEL        2.98
NUEVA CHUBUT        3.21

P.POT. VOL/DIA      3180 m3/día

14/06/24-04:01:00                   Nivel[m]      Cloro[mlg/l]     Turbiedad[UTN]
Toma(Rio)           2.06
Toma(Des.)          2.38                             7.50
P.Pot               1.72          1.02             0.12
L.Maria             3.21          0.97
KM11                3.60          0.71
R6000               3.14          0.57
B.PUJOL             2.04
B.OESTE(1K)         2.58 
B.SAN MIGUEL        2.59
NUEVA CHUBUT        3.40

P.POT. VOL/DIA      4620 m3/día

14/06/24-05:01:00                   Nivel[m]      Cloro[mlg/l]     Turbiedad[UTN]
Toma(Rio)           2.06
Toma(Des.)          2.38                             7.50
P.Pot               1.79          0.97             0.11
L.Maria             3.49          0.97
KM11                3.62          0.71
R6000               3.18          0.57
B.PUJOL             2.04
B.OESTE(1K)         2.24 
B.SAN MIGUEL        2.19
NUEVA CHUBUT        3.36

P.POT. VOL/DIA      5800 m3/día

14/06/24-06:01:01                   Nivel[m]      Cloro[mlg/l]     Turbiedad[UTN]
Toma(Rio)           2.02
Toma(Des.)          2.38                             7.50
P.Pot               1.84          1.03             0.12
L.Maria             3.80          0.98
KM11                3.57          0.72
R6000               3.23          0.58
B.PUJOL             2.05
B.OESTE(1K)         1.92 
B.SAN MIGUEL        2.87
NUEVA CHUBUT        3.32

P.POT. VOL/DIA      6960 m3/día

14/06/24-07:01:01 EPN - Vol. diario bombeado:  16452 m3
EPS - Vol. diario bombeado:   2827 m3
C.Carga - Nivel de Cisterna:    0.00 m

14/06/24-07:01:01                   Nivel[m]      Cloro[mlg/l]     Turbiedad[UTN]
Toma(Rio)           2.02
Toma(Des.)          2.38                             7.50
P.Pot               1.91          1.11             0.10
L.Maria             3.45          0.98
KM11                3.74          0.72
R6000               3.24          0.57
B.PUJOL             2.05
B.OESTE(1K)         1.49 
B.SAN MIGUEL        2.59
NUEVA CHUBUT        3.28

P.POT. VOL/DIA      8130 m3/día

14/06/24-08:01:00                   Nivel[m]      Cloro[mlg/l]     Turbiedad[UTN]
Toma(Rio)           2.02
Toma(Des.)          2.38                             7.50
P.Pot               2.02          1.02             0.10
L.Maria             2.96          0.96
KM11                3.79          0.73
R6000               3.20          0.57
B.PUJOL             2.04
B.OESTE(1K)         3.04 
B.SAN MIGUEL        2.31
NUEVA CHUBUT        3.23

P.POT. VOL/DIA      9290 m3/día

14/06/24-09:01:00                   Nivel[m]      Cloro[mlg/l]     Turbiedad[UTN]
Toma(Rio)           2.02
Toma(Des.)          2.38                             7.50
P.Pot               2.04          1.07             0.10
L.Maria             2.90          0.93
KM11                3.79          0.72
R6000               3.17          0.57
B.PUJOL             2.04
B.OESTE(1K)         2.87 
B.SAN MIGUEL        2.10
NUEVA CHUBUT        3.17

P.POT. VOL/DIA      9290 m3/día

14/06/24-10:01:00                   Nivel[m]      Cloro[mlg/l]     Turbiedad[UTN]
Toma(Rio)           2.02
Toma(Des.)          2.38                             7.50
P.Pot               2.15          1.06             0.10
L.Maria             3.27          0.92
KM11                3.70          0.74
R6000               3.15          0.58
B.PUJOL             2.04
B.OESTE(1K)         2.25 
B.SAN MIGUEL        3.01
NUEVA CHUBUT        3.07

P.POT. VOL/DIA     11640 m3/día

14/06/24-11:01:01                   Nivel[m]      Cloro[mlg/l]     Turbiedad[UTN]
Toma(Rio)           2.02
Toma(Des.)          2.38                             7.50
P.Pot               2.26          1.02             0.10
L.Maria             3.56          0.93
KM11                3.51          0.72
R6000               3.24          0.58
B.PUJOL             2.03
B.OESTE(1K)         1.55 
B.SAN MIGUEL        2.77
NUEVA CHUBUT        2.94

P.POT. VOL/DIA     12830 m3/día

